Iter   Tolerance Admix(mean) Admix(SD)     Fst1     Fst2   QPop1   QPop2
   1  8.8812E-02    0.037534  0.026900  0.08555  0.02531  0.6833  0.3167
   2  2.4253E-04    0.014409  0.014694  0.09166  0.05961  0.6914  0.3086
   3  2.5064E-05    0.013203  0.020199  0.09252  0.06176  0.6919  0.3081
   4  3.2836E-06    0.012960  0.022760  0.09271  0.06110  0.6920  0.3080
   5  1.1461E-06    0.011880  0.022879  0.09272  0.06009  0.6924  0.3076
   6  4.8171E-06    0.009915  0.021483  0.09253  0.05899  0.6934  0.3066
   7  5.9208E-06    0.008219  0.018940  0.09226  0.05821  0.6943  0.3057
   8  2.5927E-06    0.007234  0.016502  0.09206  0.05774  0.6947  0.3053
   9  2.1184E-06    0.006543  0.014085  0.09191  0.05743  0.6951  0.3049
  10  2.0370E-06    0.005894  0.011794  0.09177  0.05715  0.6954  0.3046
  11  1.9720E-06    0.005170  0.009715  0.09164  0.05688  0.6957  0.3043
  12  1.3440E-06    0.004607  0.008042  0.09153  0.05667  0.6960  0.3040
  13  7.0667E-07    0.004245  0.006643  0.09145  0.05653  0.6961  0.3039
  14  4.5110E-07    0.003962  0.005475  0.09139  0.05643  0.6962  0.3038
  15  3.3101E-07    0.003723  0.004493  0.09134  0.05634  0.6963  0.3037
  16  1.8448E-07    0.003549  0.003767  0.09129  0.05627  0.6964  0.3036
  17  1.3920E-07    0.003412  0.003144  0.09126  0.05622  0.6964  0.3036
  18  6.7589E-08    0.003325  0.002762  0.09124  0.05618  0.6965  0.3035
  19  7.3898E-08    0.003186  0.002515  0.09121  0.05614  0.6965  0.3035
  20  3.7115E-08    0.003134  0.002268  0.09120  0.05612  0.6965  0.3035
  21  3.7274E-08    0.003076  0.002045  0.09118  0.05609  0.6965  0.3035
  22  3.2530E-08    0.003014  0.001847  0.09117  0.05607  0.6965  0.3035
  23  1.9433E-08    0.003005  0.001678  0.09116  0.05606  0.6965  0.3035
