Iter   Tolerance Admix(mean) Admix(SD)     Fst1     Fst2     Fst3     Fst4     Fst5   QPop1   QPop2   QPop3   QPop4   QPop5
   1  8.1200E-03    0.281086  0.060959  0.05522  0.03815  0.11799  0.01060  0.09740  0.1660  0.1410  0.2735  0.1362  0.2833
   2  8.8482E-04    0.187367  0.055628  0.05989  0.04564  0.12765  0.02386  0.11103  0.1603  0.1367  0.2771  0.1366  0.2894
   3  1.4989E-04    0.162679  0.058042  0.07332  0.07104  0.13365  0.05291  0.11623  0.1596  0.1401  0.2723  0.1400  0.2880
   4  9.7984E-05    0.131314  0.067105  0.06969  0.07154  0.13577  0.05165  0.11835  0.1576  0.1399  0.2718  0.1395  0.2912
   5  3.1920E-05    0.117397  0.078080  0.06194  0.06722  0.13602  0.04477  0.11827  0.1554  0.1405  0.2709  0.1396  0.2936
   6  2.9039E-05    0.104805  0.085239  0.05215  0.06103  0.13727  0.03536  0.11823  0.1522  0.1407  0.2720  0.1391  0.2960
   7  3.6153E-05    0.089780  0.086747  0.04131  0.05412  0.13960  0.02476  0.11874  0.1481  0.1400  0.2759  0.1377  0.2983
   8  4.7862E-05    0.073742  0.086100  0.03159  0.04725  0.14208  0.01372  0.11981  0.1440  0.1388  0.2815  0.1357  0.3001
   9  2.9372E-05    0.063140  0.087793  0.02770  0.04142  0.14291  0.00561  0.12070  0.1417  0.1377  0.2852  0.1341  0.3014
  10  1.1007E-05    0.056928  0.089510  0.02695  0.03664  0.14339  0.00018  0.12135  0.1407  0.1367  0.2874  0.1331  0.3020
  11  9.2317E-06    0.051257  0.090063  0.06880  0.07516  0.16188  0.04836  0.13994  0.1400  0.1356  0.2898  0.1322  0.3023
  12  7.7359E-06    0.046013  0.090161  0.06924  0.07184  0.16235  0.04540  0.14050  0.1396  0.1344  0.2922  0.1313  0.3025
  13  6.1310E-06    0.041520  0.090081  0.06979  0.06893  0.16277  0.04312  0.14098  0.1393  0.1333  0.2943  0.1305  0.3025
  14  4.7394E-06    0.037591  0.089915  0.07039  0.06641  0.16312  0.04134  0.14137  0.1392  0.1322  0.2962  0.1298  0.3026
  15  3.6003E-06    0.034298  0.089611  0.07099  0.06427  0.16340  0.04000  0.14167  0.1392  0.1313  0.2977  0.1293  0.3026
  16  2.7531E-06    0.031465  0.089130  0.07159  0.06242  0.16363  0.03894  0.14190  0.1393  0.1304  0.2989  0.1288  0.3026
  17  2.1426E-06    0.029130  0.088605  0.07214  0.06086  0.16379  0.03814  0.14207  0.1394  0.1296  0.2999  0.1285  0.3026
  18  1.6997E-06    0.027204  0.088022  0.07264  0.05959  0.16390  0.03750  0.14219  0.1396  0.1289  0.3006  0.1282  0.3027
  19  1.3583E-06    0.025774  0.087088  0.07314  0.05856  0.16397  0.03690  0.14229  0.1399  0.1284  0.3011  0.1280  0.3027
  20  1.1507E-06    0.024575  0.086056  0.07360  0.05768  0.16403  0.03636  0.14236  0.1402  0.1279  0.3014  0.1278  0.3027
  21  9.9863E-07    0.023580  0.084907  0.07401  0.05692  0.16408  0.03586  0.14243  0.1406  0.1276  0.3016  0.1276  0.3026
  22  9.1564E-07    0.022755  0.083610  0.07436  0.05626  0.16412  0.03539  0.14248  0.1409  0.1272  0.3018  0.1274  0.3026
  23  9.0495E-07    0.022040  0.082146  0.07468  0.05566  0.16417  0.03494  0.14254  0.1413  0.1269  0.3019  0.1273  0.3025
  24  9.5049E-07    0.021327  0.080514  0.07496  0.05510  0.16421  0.03447  0.14259  0.1417  0.1266  0.3021  0.1271  0.3025
  25  1.0207E-06    0.020725  0.078669  0.07521  0.05459  0.16426  0.03401  0.14264  0.1421  0.1263  0.3022  0.1270  0.3024
  26  1.1331E-06    0.020148  0.076607  0.07542  0.05411  0.16430  0.03354  0.14269  0.1425  0.1261  0.3022  0.1268  0.3023
  27  1.2755E-06    0.019478  0.074355  0.07561  0.05365  0.16435  0.03305  0.14274  0.1429  0.1258  0.3023  0.1267  0.3023
  28  1.5472E-06    0.018371  0.071973  0.07575  0.05320  0.16439  0.03253  0.14280  0.1433  0.1255  0.3022  0.1265  0.3026
  29  1.6166E-06    0.017430  0.069340  0.07587  0.05279  0.16443  0.03202  0.14285  0.1437  0.1252  0.3022  0.1263  0.3027
  30  1.6402E-06    0.016889  0.066424  0.07598  0.05242  0.16448  0.03150  0.14290  0.1441  0.1249  0.3023  0.1261  0.3026
  31  1.7336E-06    0.016314  0.063345  0.07608  0.05207  0.16453  0.03097  0.14295  0.1446  0.1247  0.3023  0.1259  0.3025
  32  1.8196E-06    0.015548  0.060181  0.07616  0.05174  0.16458  0.03044  0.14300  0.1450  0.1244  0.3024  0.1257  0.3025
  33  1.7575E-06    0.014964  0.056904  0.07623  0.05144  0.16462  0.02991  0.14305  0.1455  0.1242  0.3024  0.1254  0.3025
  34  1.7541E-06    0.014103  0.053665  0.07628  0.05117  0.16467  0.02940  0.14310  0.1458  0.1240  0.3024  0.1253  0.3025
  35  1.6923E-06    0.013108  0.050481  0.07633  0.05093  0.16471  0.02889  0.14314  0.1462  0.1237  0.3024  0.1250  0.3026
  36  1.4630E-06    0.012587  0.047295  0.07637  0.05072  0.16475  0.02842  0.14318  0.1466  0.1235  0.3025  0.1248  0.3027
  37  1.3329E-06    0.011971  0.044223  0.07639  0.05055  0.16478  0.02796  0.14322  0.1470  0.1234  0.3025  0.1246  0.3026
  38  1.2072E-06    0.011482  0.041228  0.07638  0.05041  0.16482  0.02753  0.14326  0.1473  0.1232  0.3026  0.1244  0.3025
  39  1.1814E-06    0.010796  0.038332  0.07636  0.05028  0.16485  0.02711  0.14329  0.1476  0.1231  0.3026  0.1242  0.3025
  40  1.1660E-06    0.009903  0.035503  0.07634  0.05016  0.16488  0.02670  0.14332  0.1479  0.1229  0.3025  0.1240  0.3027
  41  1.0279E-06    0.009362  0.032682  0.07633  0.05008  0.16490  0.02631  0.14335  0.1482  0.1228  0.3026  0.1238  0.3026
  42  9.4148E-07    0.008915  0.029899  0.07633  0.05000  0.16493  0.02595  0.14338  0.1486  0.1226  0.3026  0.1236  0.3025
  43  8.4680E-07    0.008488  0.027261  0.07633  0.04994  0.16495  0.02563  0.14340  0.1489  0.1226  0.3027  0.1234  0.3025
  44  8.1341E-07    0.007685  0.024845  0.07635  0.04987  0.16497  0.02533  0.14342  0.1491  0.1224  0.3027  0.1232  0.3026
  45  6.3440E-07    0.007288  0.022575  0.07636  0.04983  0.16499  0.02507  0.14344  0.1493  0.1224  0.3027  0.1230  0.3026
  46  5.4079E-07    0.006890  0.020480  0.07639  0.04979  0.16500  0.02485  0.14345  0.1496  0.1222  0.3027  0.1229  0.3026
  47  4.4390E-07    0.006604  0.018573  0.07640  0.04976  0.16502  0.02465  0.14346  0.1497  0.1222  0.3027  0.1228  0.3025
  48  4.1639E-07    0.006128  0.016854  0.07642  0.04973  0.16503  0.02446  0.14348  0.1499  0.1221  0.3027  0.1226  0.3026
  49  3.6095E-07    0.005738  0.015257  0.07644  0.04970  0.16504  0.02431  0.14349  0.1501  0.1220  0.3027  0.1225  0.3027
  50  2.8032E-07    0.005504  0.013819  0.07647  0.04969  0.16504  0.02418  0.14349  0.1502  0.1220  0.3027  0.1224  0.3026
  51  2.1217E-07    0.005408  0.012544  0.07651  0.04967  0.16505  0.02409  0.14350  0.1503  0.1220  0.3028  0.1224  0.3025
  52  2.1787E-07    0.004967  0.011568  0.07653  0.04966  0.16505  0.02401  0.14351  0.1504  0.1219  0.3028  0.1223  0.3026
  53  1.4862E-07    0.004867  0.010651  0.07655  0.04965  0.16506  0.02394  0.14351  0.1505  0.1219  0.3028  0.1222  0.3027
  54  1.3848E-07    0.004630  0.009904  0.07657  0.04964  0.16506  0.02389  0.14351  0.1506  0.1219  0.3028  0.1222  0.3026
  55  1.2287E-07    0.004452  0.009241  0.07659  0.04963  0.16507  0.02384  0.14352  0.1506  0.1218  0.3028  0.1221  0.3027
  56  7.5338E-08    0.004430  0.008835  0.07660  0.04962  0.16507  0.02381  0.14352  0.1507  0.1218  0.3028  0.1220  0.3026
