Iter   Tolerance Admix(mean) Admix(SD)     Fst1     Fst2     Fst3     Fst4   QPop1   QPop2   QPop3   QPop4
   1  1.7895E-02    0.444227  0.076152  0.09886  0.00570  0.12097  0.02043  0.3257  0.1599  0.3448  0.1696
   2  4.1667E-03    0.333780  0.131424  0.11730  0.01676  0.14085  0.02999  0.3493  0.1517  0.3313  0.1676
   3  7.3617E-04    0.304501  0.137671  0.12879  0.03820  0.15954  0.03451  0.3462  0.1559  0.3343  0.1635
   4  1.1996E-03    0.280876  0.123880  0.13427  0.05314  0.16782  0.03984  0.3422  0.1604  0.3391  0.1583
   5  1.0579E-03    0.251680  0.107523  0.13653  0.06487  0.17152  0.04993  0.3385  0.1625  0.3441  0.1549
   6  3.5351E-04    0.227644  0.104725  0.13690  0.06954  0.17272  0.05772  0.3362  0.1622  0.3483  0.1532
   7  9.1217E-05    0.210618  0.107973  0.13603  0.06864  0.17228  0.06111  0.3352  0.1611  0.3515  0.1522
   8  6.2377E-05    0.194683  0.112173  0.13451  0.06493  0.17086  0.06041  0.3354  0.1603  0.3536  0.1507
   9  9.8526E-05    0.174060  0.123159  0.13067  0.06084  0.16868  0.05781  0.3331  0.1600  0.3575  0.1494
  10  6.1327E-05    0.158923  0.124495  0.12946  0.05477  0.16630  0.05482  0.3355  0.1589  0.3571  0.1485
  11  5.5294E-05    0.144466  0.123735  0.12881  0.04830  0.16380  0.05332  0.3389  0.1575  0.3547  0.1489
  12  7.2052E-05    0.128823  0.121003  0.12855  0.04012  0.16135  0.05327  0.3436  0.1547  0.3514  0.1503
  13  5.0262E-05    0.115710  0.116424  0.12827  0.03507  0.15908  0.05231  0.3478  0.1536  0.3477  0.1509
  14  5.6838E-05    0.102275  0.111457  0.12814  0.03103  0.15697  0.05095  0.3519  0.1530  0.3439  0.1512
  15  4.8161E-05    0.090056  0.105995  0.12804  0.02910  0.15503  0.04880  0.3561  0.1534  0.3400  0.1506
  16  3.4893E-05    0.079614  0.100434  0.12793  0.02714  0.15340  0.04778  0.3599  0.1532  0.3363  0.1506
  17  3.5916E-05    0.069617  0.094349  0.12783  0.02557  0.15196  0.04677  0.3635  0.1532  0.3329  0.1504
  18  2.3886E-05    0.061459  0.088981  0.12771  0.02434  0.15076  0.04617  0.3667  0.1530  0.3298  0.1505
  19  1.9068E-05    0.054331  0.084146  0.12757  0.02325  0.14977  0.04580  0.3694  0.1528  0.3272  0.1506
  20  1.5181E-05    0.048188  0.079779  0.12744  0.02232  0.14894  0.04561  0.3717  0.1526  0.3250  0.1507
  21  1.1688E-05    0.042967  0.075968  0.12732  0.02160  0.14825  0.04552  0.3737  0.1524  0.3230  0.1508
  22  8.7426E-06    0.038676  0.072658  0.12721  0.02106  0.14766  0.04553  0.3755  0.1523  0.3213  0.1509
  23  6.5478E-06    0.035005  0.069883  0.12711  0.02063  0.14716  0.04559  0.3770  0.1521  0.3198  0.1511
  24  4.9622E-06    0.031878  0.067547  0.12702  0.02034  0.14673  0.04564  0.3784  0.1520  0.3185  0.1512
  25  3.8512E-06    0.029140  0.065592  0.12693  0.02014  0.14637  0.04569  0.3796  0.1519  0.3173  0.1512
  26  2.9960E-06    0.026839  0.063916  0.12686  0.02000  0.14605  0.04574  0.3807  0.1518  0.3162  0.1513
  27  2.3718E-06    0.024893  0.062480  0.12681  0.01990  0.14578  0.04578  0.3816  0.1517  0.3153  0.1514
  28  1.9309E-06    0.023133  0.061272  0.12676  0.01984  0.14555  0.04582  0.3825  0.1517  0.3144  0.1515
  29  1.5441E-06    0.021617  0.060242  0.12673  0.01983  0.14535  0.04583  0.3833  0.1517  0.3136  0.1515
  30  1.1815E-06    0.020301  0.059387  0.12672  0.01981  0.14519  0.04584  0.3839  0.1516  0.3129  0.1515
  31  9.2707E-07    0.019107  0.058676  0.12672  0.01979  0.14506  0.04584  0.3845  0.1516  0.3124  0.1515
  32  7.0000E-07    0.018129  0.058063  0.12672  0.01977  0.14495  0.04585  0.3850  0.1516  0.3119  0.1515
  33  4.5615E-07    0.017318  0.057572  0.12671  0.01976  0.14488  0.04585  0.3853  0.1516  0.3116  0.1515
  34  3.0581E-07    0.016835  0.057070  0.12671  0.01975  0.14482  0.04585  0.3855  0.1516  0.3113  0.1515
  35  2.0687E-07    0.016491  0.056617  0.12671  0.01975  0.14477  0.04585  0.3858  0.1516  0.3111  0.1515
  36  1.6390E-07    0.016221  0.056199  0.12670  0.01974  0.14473  0.04586  0.3859  0.1516  0.3109  0.1516
  37  1.7239E-07    0.015889  0.055801  0.12670  0.01974  0.14469  0.04586  0.3861  0.1516  0.3108  0.1516
  38  1.9210E-07    0.015467  0.055417  0.12669  0.01973  0.14466  0.04586  0.3862  0.1516  0.3106  0.1516
  39  1.7468E-07    0.015135  0.055012  0.12668  0.01972  0.14463  0.04586  0.3863  0.1516  0.3105  0.1516
  40  1.3846E-07    0.014968  0.054578  0.12667  0.01972  0.14461  0.04586  0.3865  0.1516  0.3104  0.1516
  41  1.6614E-07    0.014741  0.054120  0.12666  0.01972  0.14458  0.04587  0.3866  0.1516  0.3102  0.1516
  42  1.5695E-07    0.014516  0.053677  0.12664  0.01971  0.14456  0.04587  0.3867  0.1516  0.3101  0.1516
  43  1.8294E-07    0.014151  0.053250  0.12663  0.01971  0.14453  0.04587  0.3868  0.1516  0.3100  0.1516
  44  1.3988E-07    0.013973  0.052819  0.12662  0.01971  0.14451  0.04587  0.3869  0.1516  0.3099  0.1516
  45  1.2197E-07    0.013887  0.052379  0.12661  0.01971  0.14450  0.04587  0.3871  0.1516  0.3097  0.1516
  46  1.4297E-07    0.013635  0.051999  0.12659  0.01971  0.14448  0.04587  0.3871  0.1516  0.3097  0.1516
  47  1.3033E-07    0.013439  0.051621  0.12658  0.01971  0.14446  0.04587  0.3872  0.1516  0.3096  0.1516
  48  1.2124E-07    0.013329  0.051214  0.12657  0.01971  0.14444  0.04587  0.3874  0.1516  0.3095  0.1516
  49  1.2253E-07    0.013132  0.050843  0.12655  0.01971  0.14443  0.04587  0.3875  0.1516  0.3094  0.1516
  50  1.2105E-07    0.012924  0.050494  0.12654  0.01972  0.14441  0.04587  0.3875  0.1516  0.3093  0.1516
  51  1.2212E-07    0.012705  0.050147  0.12653  0.01971  0.14440  0.04587  0.3876  0.1516  0.3092  0.1516
