Iter   Tolerance Admix(mean) Admix(SD)     Fst1     Fst2     Fst3     Fst4     Fst5   QPop1   QPop2   QPop3   QPop4   QPop5
   1  1.0753E-02    0.240033  0.070412  0.09860  0.02932  0.15632  0.07790  0.05049  0.2100  0.1456  0.3054  0.1904  0.1487
   2  3.5447E-04    0.185291  0.059991  0.10450  0.04119  0.16153  0.08401  0.06419  0.2076  0.1486  0.3030  0.1884  0.1524
   3  8.5300E-05    0.176132  0.067755  0.11402  0.05463  0.16498  0.09645  0.07559  0.2070  0.1497  0.3010  0.1896  0.1528
   4  8.8128E-05    0.149992  0.073207  0.11462  0.05406  0.16347  0.09472  0.07517  0.2083  0.1502  0.3004  0.1885  0.1526
   5  6.8581E-05    0.138814  0.089180  0.11165  0.05281  0.16219  0.09026  0.07399  0.2080  0.1504  0.3025  0.1866  0.1525
   6  7.7011E-05    0.129335  0.105690  0.10837  0.05175  0.16117  0.08504  0.07275  0.2070  0.1506  0.3064  0.1837  0.1524
   7  4.4579E-05    0.125666  0.115905  0.10845  0.05046  0.15976  0.08198  0.07123  0.2081  0.1507  0.3073  0.1817  0.1522
   8  4.4456E-05    0.120029  0.124151  0.10926  0.04944  0.15882  0.07859  0.06910  0.2097  0.1511  0.3081  0.1792  0.1519
   9  4.1010E-05    0.114114  0.130962  0.11065  0.04854  0.15844  0.07503  0.06640  0.2116  0.1517  0.3089  0.1765  0.1512
  10  2.5766E-05    0.109545  0.135181  0.11224  0.04618  0.15832  0.07153  0.06580  0.2136  0.1513  0.3096  0.1738  0.1517
  11  2.0546E-05    0.105563  0.138104  0.11391  0.04444  0.15830  0.06809  0.06535  0.2157  0.1509  0.3102  0.1711  0.1520
  12  1.7688E-05    0.101504  0.139871  0.11549  0.04275  0.15830  0.06483  0.06513  0.2178  0.1506  0.3105  0.1687  0.1524
  13  1.5280E-05    0.097630  0.140640  0.11699  0.04116  0.15833  0.06175  0.06503  0.2199  0.1503  0.3107  0.1664  0.1528
  14  1.3439E-05    0.093664  0.140826  0.11836  0.03979  0.15839  0.05871  0.06495  0.2219  0.1500  0.3108  0.1643  0.1531
  15  1.1893E-05    0.089725  0.140568  0.11960  0.03865  0.15847  0.05574  0.06485  0.2239  0.1497  0.3108  0.1622  0.1533
  16  7.6508E-06    0.085985  0.140044  0.12018  0.03765  0.15851  0.05369  0.06468  0.2252  0.1496  0.3109  0.1608  0.1535
  17  5.3328E-06    0.082406  0.139420  0.12047  0.03684  0.15853  0.05204  0.06442  0.2264  0.1494  0.3109  0.1596  0.1536
  18  4.0802E-06    0.079038  0.138781  0.12036  0.03616  0.15851  0.05102  0.06407  0.2272  0.1494  0.3110  0.1587  0.1537
  19  3.7549E-06    0.075931  0.138118  0.12028  0.03565  0.15850  0.05002  0.06371  0.2279  0.1495  0.3110  0.1580  0.1537
  20  3.4858E-06    0.073031  0.137464  0.12024  0.03530  0.15848  0.04905  0.06334  0.2286  0.1495  0.3110  0.1573  0.1536
  21  3.1695E-06    0.070458  0.136785  0.12021  0.03511  0.15847  0.04814  0.06294  0.2293  0.1497  0.3109  0.1566  0.1535
  22  2.9396E-06    0.068023  0.136166  0.12019  0.03500  0.15845  0.04729  0.06257  0.2299  0.1499  0.3109  0.1560  0.1533
  23  2.6185E-06    0.065880  0.135563  0.12018  0.03498  0.15843  0.04652  0.06222  0.2305  0.1501  0.3108  0.1555  0.1531
  24  2.3227E-06    0.064031  0.134978  0.12017  0.03497  0.15841  0.04583  0.06193  0.2310  0.1503  0.3108  0.1550  0.1529
  25  2.0938E-06    0.062187  0.134521  0.12018  0.03496  0.15839  0.04520  0.06168  0.2315  0.1505  0.3107  0.1546  0.1527
  26  1.8061E-06    0.060551  0.134107  0.12018  0.03497  0.15836  0.04466  0.06146  0.2320  0.1506  0.3107  0.1542  0.1526
  27  1.4762E-06    0.059205  0.133707  0.12019  0.03500  0.15833  0.04422  0.06126  0.2324  0.1508  0.3106  0.1538  0.1524
  28  1.2520E-06    0.057885  0.133407  0.12020  0.03503  0.15830  0.04384  0.06109  0.2328  0.1510  0.3105  0.1535  0.1522
  29  1.0322E-06    0.056800  0.133103  0.12020  0.03506  0.15827  0.04354  0.06094  0.2331  0.1511  0.3105  0.1532  0.1521
  30  8.7082E-07    0.055795  0.132841  0.12019  0.03508  0.15823  0.04329  0.06082  0.2334  0.1513  0.3104  0.1530  0.1520
  31  7.5026E-07    0.054824  0.132630  0.12018  0.03509  0.15819  0.04310  0.06072  0.2336  0.1514  0.3103  0.1528  0.1519
  32  6.0399E-07    0.054056  0.132399  0.12017  0.03509  0.15816  0.04294  0.06065  0.2339  0.1515  0.3102  0.1526  0.1518
  33  5.3830E-07    0.053313  0.132197  0.12015  0.03508  0.15812  0.04281  0.06060  0.2342  0.1515  0.3101  0.1524  0.1517
  34  4.7192E-07    0.052719  0.131966  0.12012  0.03507  0.15808  0.04271  0.06055  0.2344  0.1516  0.3100  0.1523  0.1517
  35  4.2998E-07    0.052115  0.131771  0.12009  0.03505  0.15804  0.04262  0.06051  0.2346  0.1517  0.3099  0.1522  0.1516
  36  3.4116E-07    0.051647  0.131565  0.12005  0.03503  0.15800  0.04257  0.06050  0.2348  0.1517  0.3098  0.1521  0.1516
  37  3.1693E-07    0.051254  0.131349  0.12001  0.03501  0.15797  0.04253  0.06048  0.2349  0.1517  0.3097  0.1520  0.1516
  38  3.0478E-07    0.050924  0.131118  0.11997  0.03498  0.15793  0.04250  0.06047  0.2351  0.1517  0.3097  0.1519  0.1517
  39  3.2467E-07    0.050448  0.130952  0.11993  0.03496  0.15789  0.04247  0.06046  0.2353  0.1517  0.3095  0.1518  0.1516
  40  2.9792E-07    0.050115  0.130751  0.11988  0.03495  0.15786  0.04245  0.06044  0.2354  0.1517  0.3095  0.1518  0.1516
  41  3.1120E-07    0.049685  0.130584  0.11984  0.03493  0.15782  0.04243  0.06043  0.2356  0.1518  0.3093  0.1518  0.1516
  42  2.9550E-07    0.049256  0.130432  0.11980  0.03491  0.15779  0.04242  0.06043  0.2357  0.1518  0.3092  0.1517  0.1516
  43  2.6334E-07    0.048963  0.130251  0.11976  0.03490  0.15776  0.04240  0.06042  0.2358  0.1518  0.3091  0.1516  0.1516
  44  2.5309E-07    0.048645  0.130091  0.11972  0.03489  0.15772  0.04239  0.06041  0.2360  0.1518  0.3090  0.1516  0.1516
  45  2.5463E-07    0.048352  0.129917  0.11968  0.03488  0.15769  0.04237  0.06041  0.2361  0.1518  0.3089  0.1515  0.1516
  46  2.2331E-07    0.048160  0.129740  0.11964  0.03487  0.15766  0.04236  0.06040  0.2362  0.1518  0.3088  0.1515  0.1516
  47  2.7179E-07    0.047677  0.129659  0.11960  0.03485  0.15763  0.04235  0.06040  0.2363  0.1518  0.3087  0.1515  0.1516
  48  2.2752E-07    0.047356  0.129541  0.11956  0.03484  0.15760  0.04235  0.06040  0.2364  0.1518  0.3086  0.1515  0.1517
  49  1.9320E-07    0.047221  0.129376  0.11953  0.03484  0.15757  0.04233  0.06039  0.2366  0.1518  0.3085  0.1514  0.1516
  50  2.1046E-07    0.046891  0.129282  0.11949  0.03482  0.15755  0.04233  0.06040  0.2367  0.1518  0.3085  0.1513  0.1517
  51  2.0520E-07    0.046559  0.129206  0.11945  0.03482  0.15752  0.04232  0.06039  0.2368  0.1518  0.3084  0.1513  0.1516
