Iter   Tolerance Admix(mean) Admix(SD)     Fst1     Fst2     Fst3     Fst4     Fst5   QPop1   QPop2   QPop3   QPop4   QPop5
   1  8.1038E-03    0.281453  0.061230  0.05742  0.03602  0.11811  0.01071  0.09753  0.1638  0.1430  0.2736  0.1362  0.2833
   2  8.8014E-04    0.187904  0.057373  0.06189  0.04394  0.12794  0.02403  0.11128  0.1585  0.1381  0.2774  0.1366  0.2895
   3  1.4041E-04    0.163100  0.059016  0.07848  0.06559  0.13433  0.05315  0.11661  0.1595  0.1394  0.2730  0.1400  0.2881
   4  5.4909E-05    0.161917  0.076711  0.08472  0.07204  0.13399  0.06455  0.11744  0.1615  0.1413  0.2661  0.1438  0.2873
   5  2.5296E-05    0.159818  0.091007  0.08364  0.06998  0.13363  0.06550  0.11796  0.1618  0.1419  0.2617  0.1463  0.2883
   6  1.4100E-05    0.152275  0.099358  0.07886  0.06320  0.13471  0.06017  0.11819  0.1610  0.1412  0.2605  0.1470  0.2904
   7  1.6948E-05    0.140607  0.103199  0.07266  0.05358  0.13661  0.05235  0.11812  0.1597  0.1392  0.2616  0.1466  0.2929
   8  2.0730E-05    0.127202  0.103654  0.06622  0.04331  0.13869  0.04368  0.11823  0.1581  0.1367  0.2641  0.1454  0.2957
   9  2.6711E-05    0.112196  0.101236  0.06005  0.03297  0.14071  0.03453  0.11871  0.1564  0.1339  0.2678  0.1435  0.2985
  10  3.0705E-05    0.096494  0.096175  0.05464  0.02342  0.14249  0.02532  0.11956  0.1546  0.1310  0.2721  0.1412  0.3010
  11  3.0602E-05    0.082351  0.087845  0.05092  0.01546  0.14385  0.01673  0.12063  0.1535  0.1285  0.2768  0.1389  0.3023
  12  2.8029E-05    0.070263  0.077827  0.04834  0.00907  0.14483  0.00895  0.12171  0.1526  0.1264  0.2816  0.1367  0.3027
  13  2.3793E-05    0.059659  0.067828  0.04646  0.00418  0.14558  0.00181  0.12272  0.1519  0.1248  0.2860  0.1346  0.3026
  14  1.8915E-05    0.049965  0.059149  0.08308  0.05015  0.16378  0.04849  0.14147  0.1515  0.1235  0.2897  0.1327  0.3026
  15  1.1048E-05    0.041831  0.053758  0.08210  0.04791  0.16403  0.04500  0.14202  0.1509  0.1225  0.2926  0.1315  0.3025
  16  8.0426E-06    0.035521  0.048522  0.08155  0.04642  0.16435  0.04180  0.14252  0.1505  0.1218  0.2950  0.1302  0.3025
  17  6.2694E-06    0.030123  0.043644  0.08123  0.04542  0.16463  0.03895  0.14291  0.1503  0.1213  0.2969  0.1290  0.3025
  18  5.0484E-06    0.025506  0.039012  0.08107  0.04477  0.16487  0.03641  0.14321  0.1501  0.1210  0.2985  0.1279  0.3025
  19  4.0915E-06    0.021711  0.034546  0.08104  0.04439  0.16508  0.03419  0.14344  0.1501  0.1208  0.2997  0.1270  0.3025
  20  3.3502E-06    0.018576  0.030284  0.08110  0.04419  0.16525  0.03228  0.14361  0.1501  0.1207  0.3006  0.1261  0.3025
  21  2.6331E-06    0.016119  0.026276  0.08121  0.04412  0.16536  0.03068  0.14374  0.1502  0.1208  0.3012  0.1254  0.3024
  22  1.9759E-06    0.014336  0.022588  0.08134  0.04412  0.16543  0.02939  0.14383  0.1503  0.1209  0.3016  0.1248  0.3024
  23  1.5805E-06    0.012626  0.019466  0.08145  0.04414  0.16548  0.02834  0.14389  0.1504  0.1210  0.3018  0.1243  0.3025
  24  1.1067E-06    0.011501  0.016690  0.08155  0.04420  0.16552  0.02750  0.14395  0.1505  0.1211  0.3019  0.1239  0.3025
  25  1.8455E-05    0.005161  0.004964  0.08204  0.04422  0.16565  0.02492  0.14411  0.1514  0.1212  0.3026  0.1222  0.3025
  26  1.7770E-07    0.004893  0.004614  0.08205  0.04422  0.16566  0.02480  0.14411  0.1514  0.1213  0.3027  0.1221  0.3025
  27  9.4819E-07    0.004168  0.003527  0.08206  0.04427  0.16566  0.02452  0.14412  0.1515  0.1215  0.3027  0.1219  0.3025
  28  1.7949E-07    0.003669  0.003611  0.08205  0.04425  0.16567  0.02447  0.14413  0.1514  0.1214  0.3027  0.1218  0.3027
  29  4.4557E-08    0.003896  0.003553  0.08206  0.04425  0.16567  0.02445  0.14413  0.1515  0.1214  0.3027  0.1218  0.3026
  30  9.2916E-08    0.003915  0.003290  0.08206  0.04426  0.16567  0.02441  0.14413  0.1515  0.1215  0.3027  0.1218  0.3025
  31  2.2431E-07    0.003506  0.003080  0.08205  0.04425  0.16568  0.02435  0.14414  0.1514  0.1214  0.3028  0.1217  0.3026
  32  1.2881E-07    0.003228  0.003051  0.08206  0.04424  0.16568  0.02432  0.14414  0.1514  0.1214  0.3028  0.1217  0.3027
  33  4.3851E-08    0.003446  0.003021  0.08206  0.04425  0.16568  0.02431  0.14415  0.1515  0.1214  0.3028  0.1217  0.3026
  34  6.2514E-08    0.003536  0.002992  0.08206  0.04425  0.16568  0.02430  0.14414  0.1515  0.1214  0.3028  0.1217  0.3026
  35  8.0867E-08    0.003585  0.003011  0.08207  0.04425  0.16568  0.02428  0.14415  0.1515  0.1215  0.3028  0.1217  0.3026
  36  1.1869E-07    0.003326  0.003005  0.08206  0.04425  0.16568  0.02426  0.14415  0.1514  0.1215  0.3028  0.1216  0.3027
  37  8.3043E-08    0.003389  0.002372  0.08208  0.04424  0.16568  0.02424  0.14415  0.1515  0.1214  0.3028  0.1216  0.3026
  38  2.0407E-07    0.003282  0.001225  0.08210  0.04424  0.16568  0.02419  0.14415  0.1516  0.1214  0.3028  0.1216  0.3026
  39  1.1832E-07    0.003004  0.001125  0.08210  0.04424  0.16569  0.02416  0.14415  0.1516  0.1214  0.3028  0.1215  0.3027
  40  7.2846E-08    0.003000  0.000881  0.08211  0.04424  0.16569  0.02414  0.14415  0.1516  0.1214  0.3028  0.1215  0.3026
  41  5.0493E-08    0.003189  0.000943  0.08211  0.04424  0.16569  0.02414  0.14415  0.1516  0.1215  0.3028  0.1215  0.3026
  42  1.1268E-07    0.002900  0.000818  0.08211  0.04424  0.16569  0.02412  0.14415  0.1516  0.1215  0.3028  0.1215  0.3027
  43  5.7978E-08    0.002962  0.000692  0.08211  0.04424  0.16569  0.02412  0.14415  0.1516  0.1214  0.3028  0.1215  0.3027
  44  7.7756E-08    0.002878  0.000733  0.08211  0.04423  0.16569  0.02412  0.14416  0.1517  0.1214  0.3028  0.1215  0.3026
