Iter   Tolerance Admix(mean) Admix(SD)     Fst1     Fst2     Fst3   QPop1   QPop2   QPop3
   1  1.7650E-02    0.197475  0.105760  0.06640  0.05304  0.08122  0.3608  0.3207  0.3184
   2  4.7010E-03    0.105993  0.069266  0.09294  0.08692  0.11791  0.3760  0.3035  0.3204
   3  1.3427E-04    0.082280  0.071907  0.09440  0.08600  0.12511  0.3730  0.3036  0.3235
   4  5.7177E-05    0.078308  0.081028  0.09358  0.08351  0.12691  0.3684  0.3032  0.3284
   5  4.7387E-05    0.079406  0.090555  0.09205  0.08248  0.12743  0.3634  0.3029  0.3336
   6  3.6685E-05    0.079770  0.099000  0.09020  0.08207  0.12718  0.3588  0.3028  0.3384
   7  2.2015E-05    0.079760  0.105466  0.08879  0.08184  0.12657  0.3553  0.3028  0.3419
   8  1.0034E-05    0.079450  0.110014  0.08793  0.08169  0.12577  0.3530  0.3028  0.3441
   9  4.5235E-06    0.078517  0.112893  0.08742  0.08157  0.12487  0.3517  0.3028  0.3454
  10  1.6618E-06    0.077272  0.113987  0.08734  0.08146  0.12381  0.3515  0.3028  0.3456
  11  1.7904E-06    0.075772  0.114265  0.08740  0.08135  0.12276  0.3519  0.3027  0.3453
  12  1.4667E-06    0.074284  0.114120  0.08748  0.08131  0.12176  0.3525  0.3027  0.3448
  13  2.6548E-06    0.072275  0.112991  0.08764  0.08127  0.12068  0.3536  0.3027  0.3437
  14  3.8331E-06    0.069980  0.111245  0.08779  0.08125  0.11960  0.3549  0.3027  0.3424
  15  4.1949E-06    0.067670  0.109240  0.08790  0.08124  0.11860  0.3563  0.3027  0.3410
  16  4.7740E-06    0.065296  0.106959  0.08797  0.08124  0.11765  0.3578  0.3027  0.3396
  17  4.9899E-06    0.062972  0.104500  0.08801  0.08125  0.11677  0.3592  0.3026  0.3381
  18  4.8975E-06    0.060729  0.101987  0.08802  0.08126  0.11596  0.3606  0.3026  0.3368
  19  5.0528E-06    0.058490  0.099376  0.08801  0.08127  0.11520  0.3620  0.3026  0.3354
  20  5.0659E-06    0.056240  0.096745  0.08798  0.08129  0.11449  0.3634  0.3026  0.3340
  21  5.0070E-06    0.053899  0.094162  0.08793  0.08130  0.11382  0.3648  0.3025  0.3327
  22  4.7362E-06    0.051727  0.091601  0.08788  0.08132  0.11320  0.3661  0.3025  0.3314
  23  4.4565E-06    0.049643  0.089104  0.08783  0.08134  0.11263  0.3673  0.3025  0.3302
  24  4.1338E-06    0.047616  0.086730  0.08778  0.08136  0.11209  0.3686  0.3025  0.3290
  25  3.7348E-06    0.045631  0.084521  0.08771  0.08137  0.11161  0.3696  0.3025  0.3278
  26  3.3764E-06    0.043631  0.082523  0.08764  0.08139  0.11116  0.3706  0.3026  0.3268
  27  3.0190E-06    0.041777  0.080634  0.08759  0.08140  0.11075  0.3715  0.3027  0.3258
  28  2.6170E-06    0.040180  0.078821  0.08754  0.08142  0.11038  0.3725  0.3027  0.3249
  29  2.3393E-06    0.038624  0.077168  0.08750  0.08143  0.11004  0.3733  0.3027  0.3240
  30  1.9894E-06    0.037320  0.075604  0.08747  0.08145  0.10974  0.3741  0.3026  0.3233
  31  1.7541E-06    0.036091  0.074167  0.08744  0.08146  0.10947  0.3748  0.3026  0.3225
  32  1.5499E-06    0.034898  0.072878  0.08741  0.08148  0.10922  0.3755  0.3026  0.3219
  33  1.3752E-06    0.033783  0.071699  0.08739  0.08149  0.10899  0.3762  0.3025  0.3212
  34  1.2884E-06    0.032501  0.070707  0.08736  0.08150  0.10877  0.3768  0.3026  0.3206
  35  1.1403E-06    0.031357  0.069729  0.08734  0.08151  0.10857  0.3774  0.3026  0.3200
  36  9.4049E-07    0.030433  0.068859  0.08732  0.08152  0.10839  0.3779  0.3027  0.3194
  37  8.0014E-07    0.029557  0.068037  0.08730  0.08153  0.10823  0.3784  0.3027  0.3189
  38  6.0460E-07    0.028874  0.067370  0.08729  0.08154  0.10811  0.3788  0.3026  0.3186
  39  5.6385E-07    0.028143  0.066737  0.08728  0.08154  0.10799  0.3792  0.3026  0.3182
  40  4.0544E-07    0.027670  0.066192  0.08727  0.08155  0.10789  0.3795  0.3026  0.3178
  41  3.5281E-07    0.027165  0.065675  0.08728  0.08156  0.10780  0.3799  0.3026  0.3175
  42  2.2012E-07    0.026633  0.065413  0.08727  0.08156  0.10773  0.3800  0.3027  0.3173
  43  1.7026E-07    0.026260  0.065086  0.08727  0.08156  0.10767  0.3802  0.3027  0.3171
  44  1.2583E-07    0.025984  0.064839  0.08727  0.08156  0.10761  0.3803  0.3027  0.3170
  45  1.2277E-07    0.025750  0.064509  0.08727  0.08157  0.10756  0.3805  0.3027  0.3168
  46  1.0600E-07    0.025511  0.064274  0.08727  0.08157  0.10752  0.3807  0.3026  0.3167
  47  1.1027E-07    0.025309  0.063985  0.08727  0.08157  0.10748  0.3808  0.3027  0.3166
  48  1.1503E-07    0.024999  0.063829  0.08726  0.08157  0.10744  0.3809  0.3027  0.3164
  49  1.1030E-07    0.024777  0.063568  0.08726  0.08157  0.10740  0.3810  0.3027  0.3163
  50  7.5641E-08    0.024631  0.063380  0.08726  0.08158  0.10737  0.3811  0.3027  0.3162
  51  8.4835E-08    0.024486  0.063118  0.08726  0.08158  0.10733  0.3812  0.3027  0.3161
