Iter   Tolerance Admix(mean) Admix(SD)     Fst1     Fst2     Fst3     Fst4   QPop1   QPop2   QPop3   QPop4
   1  1.5902E-02    0.445678  0.174736  0.01415  0.05217  0.07460  0.01190  0.2028  0.2786  0.3066  0.2120
   2  2.3338E-03    0.362840  0.183180  0.04814  0.09022  0.11237  0.04739  0.1979  0.2836  0.3084  0.2101
   3  2.0090E-03    0.314268  0.143471  0.07759  0.09640  0.13001  0.07485  0.2057  0.2771  0.3032  0.2140
   4  1.1689E-03    0.278722  0.110583  0.09817  0.09915  0.13679  0.09572  0.2123  0.2725  0.2988  0.2164
   5  4.2494E-04    0.250931  0.099858  0.10871  0.10197  0.13791  0.10666  0.2170  0.2726  0.2944  0.2159
   6  1.3193E-04    0.230111  0.103445  0.11206  0.10353  0.13625  0.10852  0.2196  0.2751  0.2912  0.2140
   7  1.1673E-04    0.207494  0.111800  0.11047  0.10381  0.13257  0.10373  0.2215  0.2791  0.2889  0.2106
   8  1.0012E-04    0.184725  0.120556  0.10443  0.10315  0.12988  0.09531  0.2203  0.2838  0.2900  0.2059
   9  1.1510E-04    0.159410  0.128678  0.09663  0.10200  0.12815  0.08429  0.2176  0.2887  0.2940  0.1997
  10  1.3083E-04    0.132761  0.137389  0.08847  0.10096  0.12747  0.07190  0.2138  0.2931  0.3006  0.1924
  11  7.3970E-05    0.114373  0.142052  0.08428  0.10005  0.12640  0.06194  0.2129  0.2967  0.3038  0.1866
  12  4.4646E-05    0.100866  0.144712  0.08284  0.09956  0.12604  0.05280  0.2140  0.2993  0.3057  0.1810
  13  3.8312E-05    0.089237  0.145681  0.08265  0.09953  0.12610  0.04419  0.2158  0.3010  0.3074  0.1758
  14  3.4055E-05    0.079479  0.145387  0.08336  0.09984  0.12629  0.03632  0.2183  0.3021  0.3086  0.1710
  15  2.3798E-05    0.072401  0.144158  0.08448  0.10026  0.12647  0.02986  0.2209  0.3024  0.3095  0.1672
  16  1.9329E-05    0.066843  0.142389  0.08571  0.10067  0.12661  0.02442  0.2235  0.3026  0.3099  0.1639
  17  1.5369E-05    0.062416  0.140425  0.08682  0.10105  0.12673  0.01991  0.2260  0.3026  0.3101  0.1612
  18  1.1079E-05    0.058892  0.138775  0.08736  0.10134  0.12681  0.01664  0.2280  0.3027  0.3101  0.1592
  19  9.0850E-06    0.055998  0.137234  0.08778  0.10158  0.12689  0.01391  0.2297  0.3027  0.3101  0.1575
  20  6.6995E-06    0.053614  0.135981  0.08799  0.10176  0.12696  0.01180  0.2310  0.3027  0.3100  0.1562
  21  4.9018E-06    0.051672  0.135014  0.08785  0.10187  0.12697  0.01051  0.2320  0.3028  0.3100  0.1552
  22  3.9991E-06    0.050028  0.134185  0.08773  0.10195  0.12697  0.00945  0.2329  0.3027  0.3100  0.1544
  23  3.2605E-06    0.048618  0.133480  0.08765  0.10201  0.12696  0.00860  0.2336  0.3027  0.3099  0.1538
  24  2.6192E-06    0.047427  0.132873  0.08760  0.10206  0.12694  0.00793  0.2343  0.3027  0.3098  0.1532
  25  2.0371E-06    0.046530  0.132310  0.08755  0.10210  0.12690  0.00744  0.2349  0.3026  0.3097  0.1528
  26  1.6187E-06    0.045683  0.131837  0.08751  0.10213  0.12686  0.00707  0.2354  0.3026  0.3096  0.1524
  27  1.2548E-06    0.045008  0.131388  0.08746  0.10215  0.12681  0.00683  0.2358  0.3026  0.3095  0.1522
  28  1.0679E-06    0.044398  0.130968  0.08740  0.10216  0.12675  0.00667  0.2362  0.3026  0.3093  0.1520
  29  9.3894E-07    0.043888  0.130550  0.08733  0.10217  0.12668  0.00657  0.2365  0.3025  0.3092  0.1518
  30  8.4820E-07    0.043520  0.130115  0.08725  0.10217  0.12662  0.00651  0.2368  0.3025  0.3090  0.1517
  31  9.0929E-07    0.042790  0.129813  0.08716  0.10218  0.12655  0.00644  0.2370  0.3026  0.3088  0.1515
  32  8.5793E-07    0.042089  0.129523  0.08707  0.10218  0.12648  0.00641  0.2373  0.3028  0.3086  0.1514
  33  7.4721E-07    0.041740  0.129147  0.08699  0.10218  0.12642  0.00640  0.2375  0.3028  0.3084  0.1513
  34  6.8265E-07    0.041588  0.128736  0.08691  0.10218  0.12635  0.00642  0.2377  0.3028  0.3082  0.1513
  35  6.7287E-07    0.041318  0.128388  0.08684  0.10218  0.12629  0.00642  0.2379  0.3027  0.3081  0.1512
  36  6.3887E-07    0.041067  0.128062  0.08677  0.10218  0.12623  0.00643  0.2382  0.3027  0.3079  0.1512
  37  6.1762E-07    0.040754  0.127779  0.08670  0.10218  0.12617  0.00643  0.2384  0.3026  0.3078  0.1512
  38  6.5143E-07    0.040271  0.127567  0.08662  0.10218  0.12611  0.00643  0.2386  0.3027  0.3076  0.1512
  39  6.1375E-07    0.039779  0.127383  0.08655  0.10218  0.12605  0.00642  0.2387  0.3029  0.3073  0.1511
  40  5.1825E-07    0.039532  0.127157  0.08650  0.10218  0.12600  0.00643  0.2389  0.3028  0.3072  0.1511
  41  4.8645E-07    0.039337  0.126938  0.08644  0.10218  0.12596  0.00644  0.2390  0.3028  0.3071  0.1511
  42  4.7511E-07    0.039101  0.126750  0.08639  0.10218  0.12591  0.00644  0.2393  0.3027  0.3069  0.1510
  43  4.4269E-07    0.038877  0.126584  0.08634  0.10218  0.12586  0.00645  0.2394  0.3027  0.3068  0.1511
  44  4.4607E-07    0.038463  0.126498  0.08630  0.10218  0.12582  0.00645  0.2395  0.3028  0.3067  0.1510
  45  4.0285E-07    0.038085  0.126426  0.08626  0.10218  0.12578  0.00645  0.2397  0.3029  0.3065  0.1510
  46  3.1113E-07    0.038046  0.126280  0.08623  0.10218  0.12574  0.00645  0.2398  0.3028  0.3064  0.1509
  47  3.2696E-07    0.037754  0.126226  0.08620  0.10218  0.12571  0.00645  0.2399  0.3028  0.3063  0.1509
  48  2.6201E-07    0.037692  0.126128  0.08618  0.10218  0.12568  0.00646  0.2400  0.3028  0.3062  0.1509
  49  2.9100E-07    0.037360  0.126123  0.08616  0.10218  0.12565  0.00646  0.2401  0.3029  0.3061  0.1509
  50  2.5373E-07    0.037057  0.126127  0.08614  0.10218  0.12563  0.00646  0.2402  0.3029  0.3060  0.1509
  51  1.8295E-07    0.037036  0.126069  0.08613  0.10218  0.12560  0.00646  0.2403  0.3029  0.3059  0.1509
